Build started 3/10/2013 11:35:49 PM.
     1>Project "C:\Projects\boof\boof.bridge\boof.bridge.vcxproj" on node 2 (Rebuild target(s)).
     1>ClCompile:
         c:\Program Files (x86)\Microsoft Visual Studio 10.0\VC\bin\CL.exe /c /IC:\Projects\boof\libs\of_v0.7.4_vs2010_release\libs\openFrameworks /IC:\Projects\boof\libs\of_v0.7.4_vs2010_release\libs\openFrameworks\graphics /IC:\Projects\boof\libs\of_v0.7.4_vs2010_release\libs\openFrameworks\app /IC:\Projects\boof\libs\of_v0.7.4_vs2010_release\libs\openFrameworks\sound /IC:\Projects\boof\libs\of_v0.7.4_vs2010_release\libs\openFrameworks\utils /IC:\Projects\boof\libs\of_v0.7.4_vs2010_release\libs\openFrameworks\communication /IC:\Projects\boof\libs\of_v0.7.4_vs2010_release\libs\openFrameworks\video /IC:\Projects\boof\libs\of_v0.7.4_vs2010_release\libs\openFrameworks\types /IC:\Projects\boof\libs\of_v0.7.4_vs2010_release\libs\openFrameworks\math /IC:\Projects\boof\libs\of_v0.7.4_vs2010_release\libs\openFrameworks\3d /IC:\Projects\boof\libs\of_v0.7.4_vs2010_release\libs\openFrameworks\gl /IC:\Projects\boof\libs\of_v0.7.4_vs2010_release\libs\openFrameworks\events /IC:\Projects\boof\libs\of_v0.7.4_vs2010_release\libs\glut\include /IC:\Projects\boof\libs\of_v0.7.4_vs2010_release\libs\rtAudio\include /Ic:\Projects\boof\libs\of_v0.7.4_vs2010_release\libs\quicktime\include /IC:\Projects\boof\libs\of_v0.7.4_vs2010_release\libs\freetype\include /IC:\Projects\boof\libs\of_v0.7.4_vs2010_release\libs\freetype\include\freetype2 /IC:\Projects\boof\libs\of_v0.7.4_vs2010_release\libs\freeImage\include /IC:\Projects\boof\libs\of_v0.7.4_vs2010_release\libs\fmodex\include /IC:\Projects\boof\libs\of_v0.7.4_vs2010_release\libs\videoInput\include /IC:\Projects\boof\libs\of_v0.7.4_vs2010_release\libs\glew\include\ /IC:\Projects\boof\libs\of_v0.7.4_vs2010_release\libs\glu\include /IC:\Projects\boof\libs\of_v0.7.4_vs2010_release\libs\tess2\include /IC:\Projects\boof\libs\of_v0.7.4_vs2010_release\libs\cairo\include\cairo /IC:\Projects\boof\libs\of_v0.7.4_vs2010_release\libs\poco\include /IC:\Projects\boof\libs\of_v0.7.4_vs2010_release\addons /IC:\Projects\boof\libs\of_v0.7.4_vs2010_release\addons\ofxOpenCv\libs /IC:\Projects\boof\libs\of_v0.7.4_vs2010_release\addons\ofxOpenCv\src /IC:\Projects\boof\libs\of_v0.7.4_vs2010_release\addons\ofxOpenCv\libs\opencv /IC:\Projects\boof\libs\of_v0.7.4_vs2010_release\addons\ofxOpenCv\libs\opencv\include /IC:\Projects\boof\libs\of_v0.7.4_vs2010_release\addons\ofxOpenCv\libs\opencv\include\opencv /IC:\Projects\boof\libs\of_v0.7.4_vs2010_release\addons\ofxOpenCv\libs\opencv\include\opencv2 /IC:\Projects\boof\libs\of_v0.7.4_vs2010_release\addons\ofxOpenCv\libs\opencv\include\opencv2\calib3d /IC:\Projects\boof\libs\of_v0.7.4_vs2010_release\addons\ofxOpenCv\libs\opencv\include\opencv2\contrib /IC:\Projects\boof\libs\of_v0.7.4_vs2010_release\addons\ofxOpenCv\libs\opencv\include\opencv2\core /IC:\Projects\boof\libs\of_v0.7.4_vs2010_release\addons\ofxOpenCv\libs\opencv\include\opencv2\features2d /IC:\Projects\boof\libs\of_v0.7.4_vs2010_release\addons\ofxOpenCv\libs\opencv\include\opencv2\flann /IC:\Projects\boof\libs\of_v0.7.4_vs2010_release\addons\ofxOpenCv\libs\opencv\include\opencv2\gpu /IC:\Projects\boof\libs\of_v0.7.4_vs2010_release\addons\ofxOpenCv\libs\opencv\include\opencv2\highgui /IC:\Projects\boof\libs\of_v0.7.4_vs2010_release\addons\ofxOpenCv\libs\opencv\include\opencv2\imgproc /IC:\Projects\boof\libs\of_v0.7.4_vs2010_release\addons\ofxOpenCv\libs\opencv\include\opencv2\legacy /IC:\Projects\boof\libs\of_v0.7.4_vs2010_release\addons\ofxOpenCv\libs\opencv\include\opencv2\ml /IC:\Projects\boof\libs\of_v0.7.4_vs2010_release\addons\ofxOpenCv\libs\opencv\include\opencv2\objdetect /IC:\Projects\boof\libs\of_v0.7.4_vs2010_release\addons\ofxOpenCv\libs\opencv\include\opencv2\ts /IC:\Projects\boof\libs\of_v0.7.4_vs2010_release\addons\ofxOpenCv\libs\opencv\include\opencv2\video /IC:\Projects\boof\libs\of_v0.7.4_vs2010_release\addons\ofxOpenCv\libs\opencv\lib /IC:\Projects\boof\libs\of_v0.7.4_vs2010_release\addons\ofxOpenCv\libs\opencv\lib\vs2010 /IC:\Projects\boof\libs\of_v0.7.4_vs2010_release\addons\ofxKinect\libs /IC:\Projects\boof\libs\of_v0.7.4_vs2010_release\addons\ofxKinect\src /IC:\Projects\boof\libs\of_v0.7.4_vs2010_release\addons\ofxKinect\libs\libfreenect /IC:\Projects\boof\libs\of_v0.7.4_vs2010_release\addons\ofxKinect\libs\libfreenect\lib /IC:\Projects\boof\libs\of_v0.7.4_vs2010_release\addons\ofxKinect\libs\libfreenect\lib\vs2010 /IC:\Projects\boof\libs\of_v0.7.4_vs2010_release\addons\ofxKinect\libs\libusb /I"C:\Projects\boof\libs\of_v0.7.4_vs2010_release\addons\ofxKinect\libs\libusb\osx\include\libusb-1.0" /IC:\Projects\boof\libs\of_v0.7.4_vs2010_release\addons\ofxKinect\libs\libusb\win /IC:\Projects\boof\libs\of_v0.7.4_vs2010_release\addons\ofxKinect\libs\libusb\win\inf /I"C:\Projects\boof\libs\of_v0.7.4_vs2010_release\addons\ofxKinect\libs\libusb\win\inf\xbox nui audio" /I"C:\Projects\boof\libs\of_v0.7.4_vs2010_release\addons\ofxKinect\libs\libusb\win\inf\xbox nui audio\amd64" /I"C:\Projects\boof\libs\of_v0.7.4_vs2010_release\addons\ofxKinect\libs\libusb\win\inf\xbox nui audio\ia64" /I"C:\Projects\boof\libs\of_v0.7.4_vs2010_release\addons\ofxKinect\libs\libusb\win\inf\xbox nui audio\license" /I"C:\Projects\boof\libs\of_v0.7.4_vs2010_release\addons\ofxKinect\libs\libusb\win\inf\xbox nui audio\license\libusb-win32" /I"C:\Projects\boof\libs\of_v0.7.4_vs2010_release\addons\ofxKinect\libs\libusb\win\inf\xbox nui audio\x86" /I"C:\Projects\boof\libs\of_v0.7.4_vs2010_release\addons\ofxKinect\libs\libusb\win\inf\xbox nui camera" /I"C:\Projects\boof\libs\of_v0.7.4_vs2010_release\addons\ofxKinect\libs\libusb\win\inf\xbox nui camera\amd64" /I"C:\Projects\boof\libs\of_v0.7.4_vs2010_release\addons\ofxKinect\libs\libusb\win\inf\xbox nui camera\ia64" /I"C:\Projects\boof\libs\of_v0.7.4_vs2010_release\addons\ofxKinect\libs\libusb\win\inf\xbox nui camera\license" /I"C:\Projects\boof\libs\of_v0.7.4_vs2010_release\addons\ofxKinect\libs\libusb\win\inf\xbox nui camera\license\libusb-win32" /I"C:\Projects\boof\libs\of_v0.7.4_vs2010_release\addons\ofxKinect\libs\libusb\win\inf\xbox nui camera\x86" /I"C:\Projects\boof\libs\of_v0.7.4_vs2010_release\addons\ofxKinect\libs\libusb\win\inf\xbox nui motor" /I"C:\Projects\boof\libs\of_v0.7.4_vs2010_release\addons\ofxKinect\libs\libusb\win\inf\xbox nui motor\amd64" /I"C:\Projects\boof\libs\of_v0.7.4_vs2010_release\addons\ofxKinect\libs\libusb\win\inf\xbox nui motor\ia64" /I"C:\Projects\boof\libs\of_v0.7.4_vs2010_release\addons\ofxKinect\libs\libusb\win\inf\xbox nui motor\license" /I"C:\Projects\boof\libs\of_v0.7.4_vs2010_release\addons\ofxKinect\libs\libusb\win\inf\xbox nui motor\license\libusb-win32" /I"C:\Projects\boof\libs\of_v0.7.4_vs2010_release\addons\ofxKinect\libs\libusb\win\inf\xbox nui motor\x86" /IC:\Projects\boof\libs\of_v0.7.4_vs2010_release\apps\myApps\boof.brains\src /AI"C:\Program Files (x86)\Reference Assemblies\Microsoft\Framework\.NETFramework\v4.0" /Zi /clr /nologo /W3 /WX- /Od /Oy- /D WIN32 /D _DEBUG /D _CONSOLE /D POCO_STATIC /D CAIRO_WIN32_STATIC_BUILD /D DISABLE_SOME_FLOATING_POINT /D _WINDLL /D _UNICODE /D UNICODE /D _AFXDLL /Gm- /EHa /MDd /GS /fp:precise /Zc:wchar_t /Zc:forScope /Yc"StdAfx.h" /Fp"Debug\boof.bridge.pch" /Fo"Debug\\" /Fd"Debug\vc100.pdb" /TP /FU"C:\Program Files (x86)\Reference Assemblies\Microsoft\Framework\.NETFramework\v4.0\mscorlib.dll" /analyze- /errorReport:prompt Stdafx.cpp /clr:nostdlib 
         Stdafx.cpp
         c:\Program Files (x86)\Microsoft Visual Studio 10.0\VC\bin\CL.exe /c /IC:\Projects\boof\libs\of_v0.7.4_vs2010_release\libs\openFrameworks /IC:\Projects\boof\libs\of_v0.7.4_vs2010_release\libs\openFrameworks\graphics /IC:\Projects\boof\libs\of_v0.7.4_vs2010_release\libs\openFrameworks\app /IC:\Projects\boof\libs\of_v0.7.4_vs2010_release\libs\openFrameworks\sound /IC:\Projects\boof\libs\of_v0.7.4_vs2010_release\libs\openFrameworks\utils /IC:\Projects\boof\libs\of_v0.7.4_vs2010_release\libs\openFrameworks\communication /IC:\Projects\boof\libs\of_v0.7.4_vs2010_release\libs\openFrameworks\video /IC:\Projects\boof\libs\of_v0.7.4_vs2010_release\libs\openFrameworks\types /IC:\Projects\boof\libs\of_v0.7.4_vs2010_release\libs\openFrameworks\math /IC:\Projects\boof\libs\of_v0.7.4_vs2010_release\libs\openFrameworks\3d /IC:\Projects\boof\libs\of_v0.7.4_vs2010_release\libs\openFrameworks\gl /IC:\Projects\boof\libs\of_v0.7.4_vs2010_release\libs\openFrameworks\events /IC:\Projects\boof\libs\of_v0.7.4_vs2010_release\libs\glut\include /IC:\Projects\boof\libs\of_v0.7.4_vs2010_release\libs\rtAudio\include /Ic:\Projects\boof\libs\of_v0.7.4_vs2010_release\libs\quicktime\include /IC:\Projects\boof\libs\of_v0.7.4_vs2010_release\libs\freetype\include /IC:\Projects\boof\libs\of_v0.7.4_vs2010_release\libs\freetype\include\freetype2 /IC:\Projects\boof\libs\of_v0.7.4_vs2010_release\libs\freeImage\include /IC:\Projects\boof\libs\of_v0.7.4_vs2010_release\libs\fmodex\include /IC:\Projects\boof\libs\of_v0.7.4_vs2010_release\libs\videoInput\include /IC:\Projects\boof\libs\of_v0.7.4_vs2010_release\libs\glew\include\ /IC:\Projects\boof\libs\of_v0.7.4_vs2010_release\libs\glu\include /IC:\Projects\boof\libs\of_v0.7.4_vs2010_release\libs\tess2\include /IC:\Projects\boof\libs\of_v0.7.4_vs2010_release\libs\cairo\include\cairo /IC:\Projects\boof\libs\of_v0.7.4_vs2010_release\libs\poco\include /IC:\Projects\boof\libs\of_v0.7.4_vs2010_release\addons /IC:\Projects\boof\libs\of_v0.7.4_vs2010_release\addons\ofxOpenCv\libs /IC:\Projects\boof\libs\of_v0.7.4_vs2010_release\addons\ofxOpenCv\src /IC:\Projects\boof\libs\of_v0.7.4_vs2010_release\addons\ofxOpenCv\libs\opencv /IC:\Projects\boof\libs\of_v0.7.4_vs2010_release\addons\ofxOpenCv\libs\opencv\include /IC:\Projects\boof\libs\of_v0.7.4_vs2010_release\addons\ofxOpenCv\libs\opencv\include\opencv /IC:\Projects\boof\libs\of_v0.7.4_vs2010_release\addons\ofxOpenCv\libs\opencv\include\opencv2 /IC:\Projects\boof\libs\of_v0.7.4_vs2010_release\addons\ofxOpenCv\libs\opencv\include\opencv2\calib3d /IC:\Projects\boof\libs\of_v0.7.4_vs2010_release\addons\ofxOpenCv\libs\opencv\include\opencv2\contrib /IC:\Projects\boof\libs\of_v0.7.4_vs2010_release\addons\ofxOpenCv\libs\opencv\include\opencv2\core /IC:\Projects\boof\libs\of_v0.7.4_vs2010_release\addons\ofxOpenCv\libs\opencv\include\opencv2\features2d /IC:\Projects\boof\libs\of_v0.7.4_vs2010_release\addons\ofxOpenCv\libs\opencv\include\opencv2\flann /IC:\Projects\boof\libs\of_v0.7.4_vs2010_release\addons\ofxOpenCv\libs\opencv\include\opencv2\gpu /IC:\Projects\boof\libs\of_v0.7.4_vs2010_release\addons\ofxOpenCv\libs\opencv\include\opencv2\highgui /IC:\Projects\boof\libs\of_v0.7.4_vs2010_release\addons\ofxOpenCv\libs\opencv\include\opencv2\imgproc /IC:\Projects\boof\libs\of_v0.7.4_vs2010_release\addons\ofxOpenCv\libs\opencv\include\opencv2\legacy /IC:\Projects\boof\libs\of_v0.7.4_vs2010_release\addons\ofxOpenCv\libs\opencv\include\opencv2\ml /IC:\Projects\boof\libs\of_v0.7.4_vs2010_release\addons\ofxOpenCv\libs\opencv\include\opencv2\objdetect /IC:\Projects\boof\libs\of_v0.7.4_vs2010_release\addons\ofxOpenCv\libs\opencv\include\opencv2\ts /IC:\Projects\boof\libs\of_v0.7.4_vs2010_release\addons\ofxOpenCv\libs\opencv\include\opencv2\video /IC:\Projects\boof\libs\of_v0.7.4_vs2010_release\addons\ofxOpenCv\libs\opencv\lib /IC:\Projects\boof\libs\of_v0.7.4_vs2010_release\addons\ofxOpenCv\libs\opencv\lib\vs2010 /IC:\Projects\boof\libs\of_v0.7.4_vs2010_release\addons\ofxKinect\libs /IC:\Projects\boof\libs\of_v0.7.4_vs2010_release\addons\ofxKinect\src /IC:\Projects\boof\libs\of_v0.7.4_vs2010_release\addons\ofxKinect\libs\libfreenect /IC:\Projects\boof\libs\of_v0.7.4_vs2010_release\addons\ofxKinect\libs\libfreenect\lib /IC:\Projects\boof\libs\of_v0.7.4_vs2010_release\addons\ofxKinect\libs\libfreenect\lib\vs2010 /IC:\Projects\boof\libs\of_v0.7.4_vs2010_release\addons\ofxKinect\libs\libusb /I"C:\Projects\boof\libs\of_v0.7.4_vs2010_release\addons\ofxKinect\libs\libusb\osx\include\libusb-1.0" /IC:\Projects\boof\libs\of_v0.7.4_vs2010_release\addons\ofxKinect\libs\libusb\win /IC:\Projects\boof\libs\of_v0.7.4_vs2010_release\addons\ofxKinect\libs\libusb\win\inf /I"C:\Projects\boof\libs\of_v0.7.4_vs2010_release\addons\ofxKinect\libs\libusb\win\inf\xbox nui audio" /I"C:\Projects\boof\libs\of_v0.7.4_vs2010_release\addons\ofxKinect\libs\libusb\win\inf\xbox nui audio\amd64" /I"C:\Projects\boof\libs\of_v0.7.4_vs2010_release\addons\ofxKinect\libs\libusb\win\inf\xbox nui audio\ia64" /I"C:\Projects\boof\libs\of_v0.7.4_vs2010_release\addons\ofxKinect\libs\libusb\win\inf\xbox nui audio\license" /I"C:\Projects\boof\libs\of_v0.7.4_vs2010_release\addons\ofxKinect\libs\libusb\win\inf\xbox nui audio\license\libusb-win32" /I"C:\Projects\boof\libs\of_v0.7.4_vs2010_release\addons\ofxKinect\libs\libusb\win\inf\xbox nui audio\x86" /I"C:\Projects\boof\libs\of_v0.7.4_vs2010_release\addons\ofxKinect\libs\libusb\win\inf\xbox nui camera" /I"C:\Projects\boof\libs\of_v0.7.4_vs2010_release\addons\ofxKinect\libs\libusb\win\inf\xbox nui camera\amd64" /I"C:\Projects\boof\libs\of_v0.7.4_vs2010_release\addons\ofxKinect\libs\libusb\win\inf\xbox nui camera\ia64" /I"C:\Projects\boof\libs\of_v0.7.4_vs2010_release\addons\ofxKinect\libs\libusb\win\inf\xbox nui camera\license" /I"C:\Projects\boof\libs\of_v0.7.4_vs2010_release\addons\ofxKinect\libs\libusb\win\inf\xbox nui camera\license\libusb-win32" /I"C:\Projects\boof\libs\of_v0.7.4_vs2010_release\addons\ofxKinect\libs\libusb\win\inf\xbox nui camera\x86" /I"C:\Projects\boof\libs\of_v0.7.4_vs2010_release\addons\ofxKinect\libs\libusb\win\inf\xbox nui motor" /I"C:\Projects\boof\libs\of_v0.7.4_vs2010_release\addons\ofxKinect\libs\libusb\win\inf\xbox nui motor\amd64" /I"C:\Projects\boof\libs\of_v0.7.4_vs2010_release\addons\ofxKinect\libs\libusb\win\inf\xbox nui motor\ia64" /I"C:\Projects\boof\libs\of_v0.7.4_vs2010_release\addons\ofxKinect\libs\libusb\win\inf\xbox nui motor\license" /I"C:\Projects\boof\libs\of_v0.7.4_vs2010_release\addons\ofxKinect\libs\libusb\win\inf\xbox nui motor\license\libusb-win32" /I"C:\Projects\boof\libs\of_v0.7.4_vs2010_release\addons\ofxKinect\libs\libusb\win\inf\xbox nui motor\x86" /IC:\Projects\boof\libs\of_v0.7.4_vs2010_release\apps\myApps\boof.brains\src /AI"C:\Program Files (x86)\Reference Assemblies\Microsoft\Framework\.NETFramework\v4.0" /Zi /clr /nologo /W3 /WX- /Od /Oy- /D WIN32 /D _DEBUG /D _CONSOLE /D POCO_STATIC /D CAIRO_WIN32_STATIC_BUILD /D DISABLE_SOME_FLOATING_POINT /D _WINDLL /D _UNICODE /D UNICODE /D _AFXDLL /Gm- /EHa /MDd /GS /fp:precise /Zc:wchar_t /Zc:forScope /Yu"StdAfx.h" /Fp"Debug\boof.bridge.pch" /Fo"Debug\\" /Fd"Debug\vc100.pdb" /TP /FU"C:\Program Files (x86)\Reference Assemblies\Microsoft\Framework\.NETFramework\v4.0\mscorlib.dll" /analyze- /errorReport:prompt AssemblyInfo.cpp boof.bridge.cpp /clr:nostdlib 
         AssemblyInfo.cpp
         boof.bridge.cpp
     1>c:\Projects\boof\libs\of_v0.7.4_vs2010_release\libs\quicktime\include\MacTypes.h(105): error C2872: 'UInt32' : ambiguous symbol
                 could be 'c:\Projects\boof\libs\of_v0.7.4_vs2010_release\libs\quicktime\include\MacTypes.h(87) : unsigned long UInt32'
                 or       'c:\program files (x86)\reference assemblies\microsoft\framework\.netframework\v4.0\mscorlib.dll : System::UInt32'
     1>c:\Projects\boof\libs\of_v0.7.4_vs2010_release\libs\quicktime\include\MacTypes.h(111): error C2872: 'UInt32' : ambiguous symbol
                 could be 'c:\Projects\boof\libs\of_v0.7.4_vs2010_release\libs\quicktime\include\MacTypes.h(87) : unsigned long UInt32'
                 or       'c:\program files (x86)\reference assemblies\microsoft\framework\.netframework\v4.0\mscorlib.dll : System::UInt32'
     1>c:\Projects\boof\libs\of_v0.7.4_vs2010_release\libs\quicktime\include\MacTypes.h(112): error C2872: 'UInt32' : ambiguous symbol
                 could be 'c:\Projects\boof\libs\of_v0.7.4_vs2010_release\libs\quicktime\include\MacTypes.h(87) : unsigned long UInt32'
                 or       'c:\program files (x86)\reference assemblies\microsoft\framework\.netframework\v4.0\mscorlib.dll : System::UInt32'
     1>c:\Projects\boof\libs\of_v0.7.4_vs2010_release\libs\quicktime\include\MacTypes.h(207): error C2872: 'UInt16' : ambiguous symbol
                 could be 'c:\Projects\boof\libs\of_v0.7.4_vs2010_release\libs\quicktime\include\MacTypes.h(85) : unsigned short UInt16'
                 or       'c:\program files (x86)\reference assemblies\microsoft\framework\.netframework\v4.0\mscorlib.dll : System::UInt16'
     1>c:\Projects\boof\libs\of_v0.7.4_vs2010_release\libs\quicktime\include\MacTypes.h(213): error C2872: 'UInt16' : ambiguous symbol
                 could be 'c:\Projects\boof\libs\of_v0.7.4_vs2010_release\libs\quicktime\include\MacTypes.h(85) : unsigned short UInt16'
                 or       'c:\program files (x86)\reference assemblies\microsoft\framework\.netframework\v4.0\mscorlib.dll : System::UInt16'
     1>c:\Projects\boof\libs\of_v0.7.4_vs2010_release\libs\quicktime\include\MacTypes.h(263): error C2872: 'UInt32' : ambiguous symbol
                 could be 'c:\Projects\boof\libs\of_v0.7.4_vs2010_release\libs\quicktime\include\MacTypes.h(87) : unsigned long UInt32'
                 or       'c:\program files (x86)\reference assemblies\microsoft\framework\.netframework\v4.0\mscorlib.dll : System::UInt32'
     1>c:\Projects\boof\libs\of_v0.7.4_vs2010_release\libs\quicktime\include\MacTypes.h(264): error C2872: 'UInt32' : ambiguous symbol
                 could be 'c:\Projects\boof\libs\of_v0.7.4_vs2010_release\libs\quicktime\include\MacTypes.h(87) : unsigned long UInt32'
                 or       'c:\program files (x86)\reference assemblies\microsoft\framework\.netframework\v4.0\mscorlib.dll : System::UInt32'
     1>c:\Projects\boof\libs\of_v0.7.4_vs2010_release\libs\quicktime\include\MacTypes.h(267): error C2872: 'UInt32' : ambiguous symbol
                 could be 'c:\Projects\boof\libs\of_v0.7.4_vs2010_release\libs\quicktime\include\MacTypes.h(87) : unsigned long UInt32'
                 or       'c:\program files (x86)\reference assemblies\microsoft\framework\.netframework\v4.0\mscorlib.dll : System::UInt32'
     1>c:\Projects\boof\libs\of_v0.7.4_vs2010_release\libs\quicktime\include\MacTypes.h(268): error C2872: 'UInt32' : ambiguous symbol
                 could be 'c:\Projects\boof\libs\of_v0.7.4_vs2010_release\libs\quicktime\include\MacTypes.h(87) : unsigned long UInt32'
                 or       'c:\program files (x86)\reference assemblies\microsoft\framework\.netframework\v4.0\mscorlib.dll : System::UInt32'
     1>c:\Projects\boof\libs\of_v0.7.4_vs2010_release\libs\quicktime\include\MacTypes.h(269): error C2872: 'UInt32' : ambiguous symbol
                 could be 'c:\Projects\boof\libs\of_v0.7.4_vs2010_release\libs\quicktime\include\MacTypes.h(87) : unsigned long UInt32'
                 or       'c:\program files (x86)\reference assemblies\microsoft\framework\.netframework\v4.0\mscorlib.dll : System::UInt32'
     1>c:\Projects\boof\libs\of_v0.7.4_vs2010_release\libs\quicktime\include\MacTypes.h(402): error C2872: 'UInt16' : ambiguous symbol
                 could be 'c:\Projects\boof\libs\of_v0.7.4_vs2010_release\libs\quicktime\include\MacTypes.h(85) : unsigned short UInt16'
                 or       'c:\program files (x86)\reference assemblies\microsoft\framework\.netframework\v4.0\mscorlib.dll : System::UInt16'
     1>c:\Projects\boof\libs\of_v0.7.4_vs2010_release\libs\quicktime\include\MacTypes.h(404): error C2872: 'UInt32' : ambiguous symbol
                 could be 'c:\Projects\boof\libs\of_v0.7.4_vs2010_release\libs\quicktime\include\MacTypes.h(87) : unsigned long UInt32'
                 or       'c:\program files (x86)\reference assemblies\microsoft\framework\.netframework\v4.0\mscorlib.dll : System::UInt32'
     1>c:\Projects\boof\libs\of_v0.7.4_vs2010_release\libs\quicktime\include\MixedMode.h(179): error C2872: 'UInt32' : ambiguous symbol
                 could be 'c:\Projects\boof\libs\of_v0.7.4_vs2010_release\libs\quicktime\include\MacTypes.h(87) : unsigned long UInt32'
                 or       'c:\program files (x86)\reference assemblies\microsoft\framework\.netframework\v4.0\mscorlib.dll : System::UInt32'
     1>c:\Projects\boof\libs\of_v0.7.4_vs2010_release\libs\quicktime\include\MixedMode.h(180): error C2872: 'UInt32' : ambiguous symbol
                 could be 'c:\Projects\boof\libs\of_v0.7.4_vs2010_release\libs\quicktime\include\MacTypes.h(87) : unsigned long UInt32'
                 or       'c:\program files (x86)\reference assemblies\microsoft\framework\.netframework\v4.0\mscorlib.dll : System::UInt32'
     1>c:\Projects\boof\libs\of_v0.7.4_vs2010_release\libs\quicktime\include\MixedMode.h(197): error C2872: 'UInt16' : ambiguous symbol
                 could be 'c:\Projects\boof\libs\of_v0.7.4_vs2010_release\libs\quicktime\include\MacTypes.h(85) : unsigned short UInt16'
                 or       'c:\program files (x86)\reference assemblies\microsoft\framework\.netframework\v4.0\mscorlib.dll : System::UInt16'
     1>c:\Projects\boof\libs\of_v0.7.4_vs2010_release\libs\quicktime\include\MixedMode.h(200): error C2872: 'UInt32' : ambiguous symbol
                 could be 'c:\Projects\boof\libs\of_v0.7.4_vs2010_release\libs\quicktime\include\MacTypes.h(87) : unsigned long UInt32'
                 or       'c:\program files (x86)\reference assemblies\microsoft\framework\.netframework\v4.0\mscorlib.dll : System::UInt32'
     1>c:\Projects\boof\libs\of_v0.7.4_vs2010_release\libs\quicktime\include\MixedMode.h(203): error C2872: 'UInt16' : ambiguous symbol
                 could be 'c:\Projects\boof\libs\of_v0.7.4_vs2010_release\libs\quicktime\include\MacTypes.h(85) : unsigned short UInt16'
                 or       'c:\program files (x86)\reference assemblies\microsoft\framework\.netframework\v4.0\mscorlib.dll : System::UInt16'
     1>c:\Projects\boof\libs\of_v0.7.4_vs2010_release\libs\quicktime\include\MixedMode.h(212): error C2872: 'UInt32' : ambiguous symbol
                 could be 'c:\Projects\boof\libs\of_v0.7.4_vs2010_release\libs\quicktime\include\MacTypes.h(87) : unsigned long UInt32'
                 or       'c:\program files (x86)\reference assemblies\microsoft\framework\.netframework\v4.0\mscorlib.dll : System::UInt32'
     1>c:\Projects\boof\libs\of_v0.7.4_vs2010_release\libs\quicktime\include\MixedMode.h(213): error C2872: 'UInt32' : ambiguous symbol
                 could be 'c:\Projects\boof\libs\of_v0.7.4_vs2010_release\libs\quicktime\include\MacTypes.h(87) : unsigned long UInt32'
                 or       'c:\program files (x86)\reference assemblies\microsoft\framework\.netframework\v4.0\mscorlib.dll : System::UInt32'
     1>c:\Projects\boof\libs\of_v0.7.4_vs2010_release\libs\quicktime\include\MixedMode.h(214): error C2872: 'UInt32' : ambiguous symbol
                 could be 'c:\Projects\boof\libs\of_v0.7.4_vs2010_release\libs\quicktime\include\MacTypes.h(87) : unsigned long UInt32'
                 or       'c:\program files (x86)\reference assemblies\microsoft\framework\.netframework\v4.0\mscorlib.dll : System::UInt32'
     1>c:\Projects\boof\libs\of_v0.7.4_vs2010_release\libs\quicktime\include\MixedMode.h(215): error C2872: 'UInt32' : ambiguous symbol
                 could be 'c:\Projects\boof\libs\of_v0.7.4_vs2010_release\libs\quicktime\include\MacTypes.h(87) : unsigned long UInt32'
                 or       'c:\program files (x86)\reference assemblies\microsoft\framework\.netframework\v4.0\mscorlib.dll : System::UInt32'
     1>c:\Projects\boof\libs\of_v0.7.4_vs2010_release\libs\quicktime\include\MacMemory.h(135): error C2872: 'Boolean' : ambiguous symbol
                 could be 'c:\Projects\boof\libs\of_v0.7.4_vs2010_release\libs\quicktime\include\MacTypes.h(309) : unsigned char Boolean'
                 or       'c:\program files (x86)\reference assemblies\microsoft\framework\.netframework\v4.0\mscorlib.dll : System::Boolean'
     1>c:\Projects\boof\libs\of_v0.7.4_vs2010_release\libs\quicktime\include\MacMemory.h(137): error C2872: 'UInt32' : ambiguous symbol
                 could be 'c:\Projects\boof\libs\of_v0.7.4_vs2010_release\libs\quicktime\include\MacTypes.h(87) : unsigned long UInt32'
                 or       'c:\program files (x86)\reference assemblies\microsoft\framework\.netframework\v4.0\mscorlib.dll : System::UInt32'
     1>c:\Projects\boof\libs\of_v0.7.4_vs2010_release\libs\quicktime\include\MacMemory.h(853): error C2872: 'Boolean' : ambiguous symbol
                 could be 'c:\Projects\boof\libs\of_v0.7.4_vs2010_release\libs\quicktime\include\MacTypes.h(309) : unsigned char Boolean'
                 or       'c:\program files (x86)\reference assemblies\microsoft\framework\.netframework\v4.0\mscorlib.dll : System::Boolean'
     1>c:\Projects\boof\libs\of_v0.7.4_vs2010_release\libs\quicktime\include\MacMemory.h(940): error C2872: 'Boolean' : ambiguous symbol
                 could be 'c:\Projects\boof\libs\of_v0.7.4_vs2010_release\libs\quicktime\include\MacTypes.h(309) : unsigned char Boolean'
                 or       'c:\program files (x86)\reference assemblies\microsoft\framework\.netframework\v4.0\mscorlib.dll : System::Boolean'
     1>c:\Projects\boof\libs\of_v0.7.4_vs2010_release\libs\quicktime\include\MacMemory.h(944): error C2872: 'Boolean' : ambiguous symbol
                 could be 'c:\Projects\boof\libs\of_v0.7.4_vs2010_release\libs\quicktime\include\MacTypes.h(309) : unsigned char Boolean'
                 or       'c:\program files (x86)\reference assemblies\microsoft\framework\.netframework\v4.0\mscorlib.dll : System::Boolean'
     1>c:\Projects\boof\libs\of_v0.7.4_vs2010_release\libs\quicktime\include\MacMemory.h(948): error C2872: 'Boolean' : ambiguous symbol
                 could be 'c:\Projects\boof\libs\of_v0.7.4_vs2010_release\libs\quicktime\include\MacTypes.h(309) : unsigned char Boolean'
                 or       'c:\program files (x86)\reference assemblies\microsoft\framework\.netframework\v4.0\mscorlib.dll : System::Boolean'
     1>c:\Projects\boof\libs\of_v0.7.4_vs2010_release\libs\quicktime\include\MacMemory.h(952): error C2872: 'Boolean' : ambiguous symbol
                 could be 'c:\Projects\boof\libs\of_v0.7.4_vs2010_release\libs\quicktime\include\MacTypes.h(309) : unsigned char Boolean'
                 or       'c:\program files (x86)\reference assemblies\microsoft\framework\.netframework\v4.0\mscorlib.dll : System::Boolean'
     1>c:\Projects\boof\libs\of_v0.7.4_vs2010_release\libs\quicktime\include\Patches.h(86): error C2872: 'UInt16' : ambiguous symbol
                 could be 'c:\Projects\boof\libs\of_v0.7.4_vs2010_release\libs\quicktime\include\MacTypes.h(85) : unsigned short UInt16'
                 or       'c:\program files (x86)\reference assemblies\microsoft\framework\.netframework\v4.0\mscorlib.dll : System::UInt16'
     1>c:\Projects\boof\libs\of_v0.7.4_vs2010_release\libs\quicktime\include\Patches.h(91): error C2872: 'UInt16' : ambiguous symbol
                 could be 'c:\Projects\boof\libs\of_v0.7.4_vs2010_release\libs\quicktime\include\MacTypes.h(85) : unsigned short UInt16'
                 or       'c:\program files (x86)\reference assemblies\microsoft\framework\.netframework\v4.0\mscorlib.dll : System::UInt16'
     1>c:\Projects\boof\libs\of_v0.7.4_vs2010_release\libs\quicktime\include\Patches.h(101): error C2872: 'UInt16' : ambiguous symbol
                 could be 'c:\Projects\boof\libs\of_v0.7.4_vs2010_release\libs\quicktime\include\MacTypes.h(85) : unsigned short UInt16'
                 or       'c:\program files (x86)\reference assemblies\microsoft\framework\.netframework\v4.0\mscorlib.dll : System::UInt16'
     1>c:\Projects\boof\libs\of_v0.7.4_vs2010_release\libs\quicktime\include\Patches.h(108): error C2872: 'UInt16' : ambiguous symbol
                 could be 'c:\Projects\boof\libs\of_v0.7.4_vs2010_release\libs\quicktime\include\MacTypes.h(85) : unsigned short UInt16'
                 or       'c:\program files (x86)\reference assemblies\microsoft\framework\.netframework\v4.0\mscorlib.dll : System::UInt16'
     1>c:\Projects\boof\libs\of_v0.7.4_vs2010_release\libs\quicktime\include\Patches.h(114): error C2872: 'UInt16' : ambiguous symbol
                 could be 'c:\Projects\boof\libs\of_v0.7.4_vs2010_release\libs\quicktime\include\MacTypes.h(85) : unsigned short UInt16'
                 or       'c:\program files (x86)\reference assemblies\microsoft\framework\.netframework\v4.0\mscorlib.dll : System::UInt16'
     1>c:\Projects\boof\libs\of_v0.7.4_vs2010_release\libs\quicktime\include\Patches.h(121): error C2872: 'UInt16' : ambiguous symbol
                 could be 'c:\Projects\boof\libs\of_v0.7.4_vs2010_release\libs\quicktime\include\MacTypes.h(85) : unsigned short UInt16'
                 or       'c:\program files (x86)\reference assemblies\microsoft\framework\.netframework\v4.0\mscorlib.dll : System::UInt16'
     1>c:\Projects\boof\libs\of_v0.7.4_vs2010_release\libs\quicktime\include\Patches.h(127): error C2872: 'UInt16' : ambiguous symbol
                 could be 'c:\Projects\boof\libs\of_v0.7.4_vs2010_release\libs\quicktime\include\MacTypes.h(85) : unsigned short UInt16'
                 or       'c:\program files (x86)\reference assemblies\microsoft\framework\.netframework\v4.0\mscorlib.dll : System::UInt16'
     1>c:\Projects\boof\libs\of_v0.7.4_vs2010_release\libs\quicktime\include\Patches.h(134): error C2872: 'UInt16' : ambiguous symbol
                 could be 'c:\Projects\boof\libs\of_v0.7.4_vs2010_release\libs\quicktime\include\MacTypes.h(85) : unsigned short UInt16'
                 or       'c:\program files (x86)\reference assemblies\microsoft\framework\.netframework\v4.0\mscorlib.dll : System::UInt16'
     1>c:\Projects\boof\libs\of_v0.7.4_vs2010_release\libs\quicktime\include\DateTimeUtils.h(193): error C2872: 'UInt32' : ambiguous symbol
                 could be 'c:\Projects\boof\libs\of_v0.7.4_vs2010_release\libs\quicktime\include\MacTypes.h(87) : unsigned long UInt32'
                 or       'c:\program files (x86)\reference assemblies\microsoft\framework\.netframework\v4.0\mscorlib.dll : System::UInt32'
     1>c:\Projects\boof\libs\of_v0.7.4_vs2010_release\libs\quicktime\include\DateTimeUtils.h(194): error C2872: 'UInt32' : ambiguous symbol
                 could be 'c:\Projects\boof\libs\of_v0.7.4_vs2010_release\libs\quicktime\include\MacTypes.h(87) : unsigned long UInt32'
                 or       'c:\program files (x86)\reference assemblies\microsoft\framework\.netframework\v4.0\mscorlib.dll : System::UInt32'
     1>c:\Projects\boof\libs\of_v0.7.4_vs2010_release\libs\quicktime\include\DateTimeUtils.h(244): error C2872: 'Boolean' : ambiguous symbol
                 could be 'c:\Projects\boof\libs\of_v0.7.4_vs2010_release\libs\quicktime\include\MacTypes.h(309) : unsigned char Boolean'
                 or       'c:\program files (x86)\reference assemblies\microsoft\framework\.netframework\v4.0\mscorlib.dll : System::Boolean'
     1>c:\Projects\boof\libs\of_v0.7.4_vs2010_release\libs\quicktime\include\DateTimeUtils.h(256): error C2872: 'Boolean' : ambiguous symbol
                 could be 'c:\Projects\boof\libs\of_v0.7.4_vs2010_release\libs\quicktime\include\MacTypes.h(309) : unsigned char Boolean'
                 or       'c:\program files (x86)\reference assemblies\microsoft\framework\.netframework\v4.0\mscorlib.dll : System::Boolean'
     1>c:\Projects\boof\libs\of_v0.7.4_vs2010_release\libs\quicktime\include\DateTimeUtils.h(355): error C2872: 'Boolean' : ambiguous symbol
                 could be 'c:\Projects\boof\libs\of_v0.7.4_vs2010_release\libs\quicktime\include\MacTypes.h(309) : unsigned char Boolean'
                 or       'c:\program files (x86)\reference assemblies\microsoft\framework\.netframework\v4.0\mscorlib.dll : System::Boolean'
     1>c:\Projects\boof\libs\of_v0.7.4_vs2010_release\libs\quicktime\include\DateTimeUtils.h(366): error C2872: 'Boolean' : ambiguous symbol
                 could be 'c:\Projects\boof\libs\of_v0.7.4_vs2010_release\libs\quicktime\include\MacTypes.h(309) : unsigned char Boolean'
                 or       'c:\program files (x86)\reference assemblies\microsoft\framework\.netframework\v4.0\mscorlib.dll : System::Boolean'
     1>c:\Projects\boof\libs\of_v0.7.4_vs2010_release\libs\quicktime\include\DateTimeUtils.h(378): error C2872: 'Boolean' : ambiguous symbol
                 could be 'c:\Projects\boof\libs\of_v0.7.4_vs2010_release\libs\quicktime\include\MacTypes.h(309) : unsigned char Boolean'
                 or       'c:\program files (x86)\reference assemblies\microsoft\framework\.netframework\v4.0\mscorlib.dll : System::Boolean'
     1>c:\Projects\boof\libs\of_v0.7.4_vs2010_release\libs\quicktime\include\DateTimeUtils.h(420): error C2872: 'Boolean' : ambiguous symbol
                 could be 'c:\Projects\boof\libs\of_v0.7.4_vs2010_release\libs\quicktime\include\MacTypes.h(309) : unsigned char Boolean'
                 or       'c:\program files (x86)\reference assemblies\microsoft\framework\.netframework\v4.0\mscorlib.dll : System::Boolean'
     1>c:\Projects\boof\libs\of_v0.7.4_vs2010_release\libs\quicktime\include\DateTimeUtils.h(425): error C2872: 'Boolean' : ambiguous symbol
                 could be 'c:\Projects\boof\libs\of_v0.7.4_vs2010_release\libs\quicktime\include\MacTypes.h(309) : unsigned char Boolean'
                 or       'c:\program files (x86)\reference assemblies\microsoft\framework\.netframework\v4.0\mscorlib.dll : System::Boolean'
     1>c:\Projects\boof\libs\of_v0.7.4_vs2010_release\libs\quicktime\include\DateTimeUtils.h(437): error C2872: 'Boolean' : ambiguous symbol
                 could be 'c:\Projects\boof\libs\of_v0.7.4_vs2010_release\libs\quicktime\include\MacTypes.h(309) : unsigned char Boolean'
                 or       'c:\program files (x86)\reference assemblies\microsoft\framework\.netframework\v4.0\mscorlib.dll : System::Boolean'
     1>c:\Projects\boof\libs\of_v0.7.4_vs2010_release\libs\quicktime\include\Endian.h(110): error C2872: 'UInt16' : ambiguous symbol
                 could be 'c:\Projects\boof\libs\of_v0.7.4_vs2010_release\libs\quicktime\include\MacTypes.h(85) : unsigned short UInt16'
                 or       'c:\program files (x86)\reference assemblies\microsoft\framework\.netframework\v4.0\mscorlib.dll : System::UInt16'
     1>c:\Projects\boof\libs\of_v0.7.4_vs2010_release\libs\quicktime\include\Endian.h(111): error C2872: 'UInt16' : ambiguous symbol
                 could be 'c:\Projects\boof\libs\of_v0.7.4_vs2010_release\libs\quicktime\include\MacTypes.h(85) : unsigned short UInt16'
                 or       'c:\program files (x86)\reference assemblies\microsoft\framework\.netframework\v4.0\mscorlib.dll : System::UInt16'
     1>c:\Projects\boof\libs\of_v0.7.4_vs2010_release\libs\quicktime\include\Endian.h(113): error C2872: 'UInt16' : ambiguous symbol
                 could be 'c:\Projects\boof\libs\of_v0.7.4_vs2010_release\libs\quicktime\include\MacTypes.h(85) : unsigned short UInt16'
                 or       'c:\program files (x86)\reference assemblies\microsoft\framework\.netframework\v4.0\mscorlib.dll : System::UInt16'
     1>c:\Projects\boof\libs\of_v0.7.4_vs2010_release\libs\quicktime\include\Endian.h(114): error C2872: 'UInt16' : ambiguous symbol
                 could be 'c:\Projects\boof\libs\of_v0.7.4_vs2010_release\libs\quicktime\include\MacTypes.h(85) : unsigned short UInt16'
                 or       'c:\program files (x86)\reference assemblies\microsoft\framework\.netframework\v4.0\mscorlib.dll : System::UInt16'
     1>c:\Projects\boof\libs\of_v0.7.4_vs2010_release\libs\quicktime\include\Endian.h(116): error C2872: 'UInt16' : ambiguous symbol
                 could be 'c:\Projects\boof\libs\of_v0.7.4_vs2010_release\libs\quicktime\include\MacTypes.h(85) : unsigned short UInt16'
                 or       'c:\program files (x86)\reference assemblies\microsoft\framework\.netframework\v4.0\mscorlib.dll : System::UInt16'
     1>c:\Projects\boof\libs\of_v0.7.4_vs2010_release\libs\quicktime\include\Endian.h(117): error C2872: 'UInt16' : ambiguous symbol
                 could be 'c:\Projects\boof\libs\of_v0.7.4_vs2010_release\libs\quicktime\include\MacTypes.h(85) : unsigned short UInt16'
                 or       'c:\program files (x86)\reference assemblies\microsoft\framework\.netframework\v4.0\mscorlib.dll : System::UInt16'
     1>c:\Projects\boof\libs\of_v0.7.4_vs2010_release\libs\quicktime\include\Endian.h(119): error C2872: 'UInt16' : ambiguous symbol
                 could be 'c:\Projects\boof\libs\of_v0.7.4_vs2010_release\libs\quicktime\include\MacTypes.h(85) : unsigned short UInt16'
                 or       'c:\program files (x86)\reference assemblies\microsoft\framework\.netframework\v4.0\mscorlib.dll : System::UInt16'
     1>c:\Projects\boof\libs\of_v0.7.4_vs2010_release\libs\quicktime\include\Endian.h(120): error C2872: 'UInt16' : ambiguous symbol
                 could be 'c:\Projects\boof\libs\of_v0.7.4_vs2010_release\libs\quicktime\include\MacTypes.h(85) : unsigned short UInt16'
                 or       'c:\program files (x86)\reference assemblies\microsoft\framework\.netframework\v4.0\mscorlib.dll : System::UInt16'
     1>c:\Projects\boof\libs\of_v0.7.4_vs2010_release\libs\quicktime\include\Endian.h(122): error C2872: 'UInt16' : ambiguous symbol
                 could be 'c:\Projects\boof\libs\of_v0.7.4_vs2010_release\libs\quicktime\include\MacTypes.h(85) : unsigned short UInt16'
                 or       'c:\program files (x86)\reference assemblies\microsoft\framework\.netframework\v4.0\mscorlib.dll : System::UInt16'
     1>c:\Projects\boof\libs\of_v0.7.4_vs2010_release\libs\quicktime\include\Endian.h(123): error C2872: 'UInt16' : ambiguous symbol
                 could be 'c:\Projects\boof\libs\of_v0.7.4_vs2010_release\libs\quicktime\include\MacTypes.h(85) : unsigned short UInt16'
                 or       'c:\program files (x86)\reference assemblies\microsoft\framework\.netframework\v4.0\mscorlib.dll : System::UInt16'
     1>c:\Projects\boof\libs\of_v0.7.4_vs2010_release\libs\quicktime\include\Endian.h(125): error C2872: 'UInt16' : ambiguous symbol
                 could be 'c:\Projects\boof\libs\of_v0.7.4_vs2010_release\libs\quicktime\include\MacTypes.h(85) : unsigned short UInt16'
                 or       'c:\program files (x86)\reference assemblies\microsoft\framework\.netframework\v4.0\mscorlib.dll : System::UInt16'
     1>c:\Projects\boof\libs\of_v0.7.4_vs2010_release\libs\quicktime\include\Endian.h(126): error C2872: 'UInt16' : ambiguous symbol
                 could be 'c:\Projects\boof\libs\of_v0.7.4_vs2010_release\libs\quicktime\include\MacTypes.h(85) : unsigned short UInt16'
                 or       'c:\program files (x86)\reference assemblies\microsoft\framework\.netframework\v4.0\mscorlib.dll : System::UInt16'
     1>c:\Projects\boof\libs\of_v0.7.4_vs2010_release\libs\quicktime\include\Endian.h(146): error C2872: 'UInt32' : ambiguous symbol
                 could be 'c:\Projects\boof\libs\of_v0.7.4_vs2010_release\libs\quicktime\include\MacTypes.h(87) : unsigned long UInt32'
                 or       'c:\program files (x86)\reference assemblies\microsoft\framework\.netframework\v4.0\mscorlib.dll : System::UInt32'
     1>c:\Projects\boof\libs\of_v0.7.4_vs2010_release\libs\quicktime\include\Endian.h(147): error C2872: 'UInt32' : ambiguous symbol
                 could be 'c:\Projects\boof\libs\of_v0.7.4_vs2010_release\libs\quicktime\include\MacTypes.h(87) : unsigned long UInt32'
                 or       'c:\program files (x86)\reference assemblies\microsoft\framework\.netframework\v4.0\mscorlib.dll : System::UInt32'
     1>c:\Projects\boof\libs\of_v0.7.4_vs2010_release\libs\quicktime\include\Endian.h(149): error C2872: 'UInt32' : ambiguous symbol
                 could be 'c:\Projects\boof\libs\of_v0.7.4_vs2010_release\libs\quicktime\include\MacTypes.h(87) : unsigned long UInt32'
                 or       'c:\program files (x86)\reference assemblies\microsoft\framework\.netframework\v4.0\mscorlib.dll : System::UInt32'
     1>c:\Projects\boof\libs\of_v0.7.4_vs2010_release\libs\quicktime\include\Endian.h(150): error C2872: 'UInt32' : ambiguous symbol
                 could be 'c:\Projects\boof\libs\of_v0.7.4_vs2010_release\libs\quicktime\include\MacTypes.h(87) : unsigned long UInt32'
                 or       'c:\program files (x86)\reference assemblies\microsoft\framework\.netframework\v4.0\mscorlib.dll : System::UInt32'
     1>c:\Projects\boof\libs\of_v0.7.4_vs2010_release\libs\quicktime\include\Endian.h(152): error C2872: 'UInt32' : ambiguous symbol
                 could be 'c:\Projects\boof\libs\of_v0.7.4_vs2010_release\libs\quicktime\include\MacTypes.h(87) : unsigned long UInt32'
                 or       'c:\program files (x86)\reference assemblies\microsoft\framework\.netframework\v4.0\mscorlib.dll : System::UInt32'
     1>c:\Projects\boof\libs\of_v0.7.4_vs2010_release\libs\quicktime\include\Endian.h(153): error C2872: 'UInt32' : ambiguous symbol
                 could be 'c:\Projects\boof\libs\of_v0.7.4_vs2010_release\libs\quicktime\include\MacTypes.h(87) : unsigned long UInt32'
                 or       'c:\program files (x86)\reference assemblies\microsoft\framework\.netframework\v4.0\mscorlib.dll : System::UInt32'
     1>c:\Projects\boof\libs\of_v0.7.4_vs2010_release\libs\quicktime\include\Endian.h(155): error C2872: 'UInt32' : ambiguous symbol
                 could be 'c:\Projects\boof\libs\of_v0.7.4_vs2010_release\libs\quicktime\include\MacTypes.h(87) : unsigned long UInt32'
                 or       'c:\program files (x86)\reference assemblies\microsoft\framework\.netframework\v4.0\mscorlib.dll : System::UInt32'
     1>c:\Projects\boof\libs\of_v0.7.4_vs2010_release\libs\quicktime\include\Endian.h(156): error C2872: 'UInt32' : ambiguous symbol
                 could be 'c:\Projects\boof\libs\of_v0.7.4_vs2010_release\libs\quicktime\include\MacTypes.h(87) : unsigned long UInt32'
                 or       'c:\program files (x86)\reference assemblies\microsoft\framework\.netframework\v4.0\mscorlib.dll : System::UInt32'
     1>c:\Projects\boof\libs\of_v0.7.4_vs2010_release\libs\quicktime\include\Endian.h(158): error C2872: 'UInt32' : ambiguous symbol
                 could be 'c:\Projects\boof\libs\of_v0.7.4_vs2010_release\libs\quicktime\include\MacTypes.h(87) : unsigned long UInt32'
                 or       'c:\program files (x86)\reference assemblies\microsoft\framework\.netframework\v4.0\mscorlib.dll : System::UInt32'
     1>c:\Projects\boof\libs\of_v0.7.4_vs2010_release\libs\quicktime\include\Endian.h(159): error C2872: 'UInt32' : ambiguous symbol
                 could be 'c:\Projects\boof\libs\of_v0.7.4_vs2010_release\libs\quicktime\include\MacTypes.h(87) : unsigned long UInt32'
                 or       'c:\program files (x86)\reference assemblies\microsoft\framework\.netframework\v4.0\mscorlib.dll : System::UInt32'
     1>c:\Projects\boof\libs\of_v0.7.4_vs2010_release\libs\quicktime\include\Endian.h(161): error C2872: 'UInt32' : ambiguous symbol
                 could be 'c:\Projects\boof\libs\of_v0.7.4_vs2010_release\libs\quicktime\include\MacTypes.h(87) : unsigned long UInt32'
                 or       'c:\program files (x86)\reference assemblies\microsoft\framework\.netframework\v4.0\mscorlib.dll : System::UInt32'
     1>c:\Projects\boof\libs\of_v0.7.4_vs2010_release\libs\quicktime\include\Endian.h(162): error C2872: 'UInt32' : ambiguous symbol
                 could be 'c:\Projects\boof\libs\of_v0.7.4_vs2010_release\libs\quicktime\include\MacTypes.h(87) : unsigned long UInt32'
                 or       'c:\program files (x86)\reference assemblies\microsoft\framework\.netframework\v4.0\mscorlib.dll : System::UInt32'
     1>c:\Projects\boof\libs\of_v0.7.4_vs2010_release\libs\quicktime\include\Endian.h(388): error C2872: 'UInt64' : ambiguous symbol
                 could be 'c:\Projects\boof\libs\of_v0.7.4_vs2010_release\libs\quicktime\include\MacTypes.h(133) : unsigned __int64 UInt64'
                 or       'c:\program files (x86)\reference assemblies\microsoft\framework\.netframework\v4.0\mscorlib.dll : System::UInt64'
     1>c:\Projects\boof\libs\of_v0.7.4_vs2010_release\libs\quicktime\include\Endian.h(388): error C2872: 'UInt64' : ambiguous symbol
                 could be 'c:\Projects\boof\libs\of_v0.7.4_vs2010_release\libs\quicktime\include\MacTypes.h(133) : unsigned __int64 UInt64'
                 or       'c:\program files (x86)\reference assemblies\microsoft\framework\.netframework\v4.0\mscorlib.dll : System::UInt64'
     1>c:\Projects\boof\libs\of_v0.7.4_vs2010_release\libs\quicktime\include\OSUtils.h(226): error C2872: 'Boolean' : ambiguous symbol
                 could be 'c:\Projects\boof\libs\of_v0.7.4_vs2010_release\libs\quicktime\include\MacTypes.h(309) : unsigned char Boolean'
                 or       'c:\program files (x86)\reference assemblies\microsoft\framework\.netframework\v4.0\mscorlib.dll : System::Boolean'
     1>c:\Projects\boof\libs\of_v0.7.4_vs2010_release\libs\quicktime\include\OSUtils.h(386): error C2872: 'Boolean' : ambiguous symbol
                 could be 'c:\Projects\boof\libs\of_v0.7.4_vs2010_release\libs\quicktime\include\MacTypes.h(309) : unsigned char Boolean'
                 or       'c:\program files (x86)\reference assemblies\microsoft\framework\.netframework\v4.0\mscorlib.dll : System::Boolean'
     1>c:\Projects\boof\libs\of_v0.7.4_vs2010_release\libs\quicktime\include\OSUtils.h(387): error C2872: 'Boolean' : ambiguous symbol
                 could be 'c:\Projects\boof\libs\of_v0.7.4_vs2010_release\libs\quicktime\include\MacTypes.h(309) : unsigned char Boolean'
                 or       'c:\program files (x86)\reference assemblies\microsoft\framework\.netframework\v4.0\mscorlib.dll : System::Boolean'
     1>c:\Projects\boof\libs\of_v0.7.4_vs2010_release\libs\quicktime\include\AppleTalk.h(285): error C2872: 'Byte' : ambiguous symbol
                 could be 'c:\Projects\boof\libs\of_v0.7.4_vs2010_release\libs\quicktime\include\MacTypes.h(611) : UInt8 Byte'
                 or       'c:\program files (x86)\reference assemblies\microsoft\framework\.netframework\v4.0\mscorlib.dll : System::Byte'
     1>c:\Projects\boof\libs\of_v0.7.4_vs2010_release\libs\quicktime\include\AppleTalk.h(325): error C2872: 'UInt16' : ambiguous symbol
                 could be 'c:\Projects\boof\libs\of_v0.7.4_vs2010_release\libs\quicktime\include\MacTypes.h(85) : unsigned short UInt16'
                 or       'c:\program files (x86)\reference assemblies\microsoft\framework\.netframework\v4.0\mscorlib.dll : System::UInt16'
     1>c:\Projects\boof\libs\of_v0.7.4_vs2010_release\libs\quicktime\include\AppleTalk.h(411): error C2872: 'Boolean' : ambiguous symbol
                 could be 'c:\Projects\boof\libs\of_v0.7.4_vs2010_release\libs\quicktime\include\MacTypes.h(309) : unsigned char Boolean'
                 or       'c:\program files (x86)\reference assemblies\microsoft\framework\.netframework\v4.0\mscorlib.dll : System::Boolean'
     1>c:\Projects\boof\libs\of_v0.7.4_vs2010_release\libs\quicktime\include\AppleTalk.h(412): error C2872: 'Boolean' : ambiguous symbol
                 could be 'c:\Projects\boof\libs\of_v0.7.4_vs2010_release\libs\quicktime\include\MacTypes.h(309) : unsigned char Boolean'
                 or       'c:\program files (x86)\reference assemblies\microsoft\framework\.netframework\v4.0\mscorlib.dll : System::Boolean'
     1>c:\Projects\boof\libs\of_v0.7.4_vs2010_release\libs\quicktime\include\AppleTalk.h(491): error C2872: 'Boolean' : ambiguous symbol
                 could be 'c:\Projects\boof\libs\of_v0.7.4_vs2010_release\libs\quicktime\include\MacTypes.h(309) : unsigned char Boolean'
                 or       'c:\program files (x86)\reference assemblies\microsoft\framework\.netframework\v4.0\mscorlib.dll : System::Boolean'
     1>c:\Projects\boof\libs\of_v0.7.4_vs2010_release\libs\quicktime\include\AppleTalk.h(492): error C2872: 'Boolean' : ambiguous symbol
                 could be 'c:\Projects\boof\libs\of_v0.7.4_vs2010_release\libs\quicktime\include\MacTypes.h(309) : unsigned char Boolean'
                 or       'c:\program files (x86)\reference assemblies\microsoft\framework\.netframework\v4.0\mscorlib.dll : System::Boolean'
     1>c:\Projects\boof\libs\of_v0.7.4_vs2010_release\libs\quicktime\include\AppleTalk.h(1136): error C2872: 'Boolean' : ambiguous symbol
                 could be 'c:\Projects\boof\libs\of_v0.7.4_vs2010_release\libs\quicktime\include\MacTypes.h(309) : unsigned char Boolean'
                 or       'c:\program files (x86)\reference assemblies\microsoft\framework\.netframework\v4.0\mscorlib.dll : System::Boolean'
     1>c:\Projects\boof\libs\of_v0.7.4_vs2010_release\libs\quicktime\include\AppleTalk.h(1140): error C2872: 'Boolean' : ambiguous symbol
                 could be 'c:\Projects\boof\libs\of_v0.7.4_vs2010_release\libs\quicktime\include\MacTypes.h(309) : unsigned char Boolean'
                 or       'c:\program files (x86)\reference assemblies\microsoft\framework\.netframework\v4.0\mscorlib.dll : System::Boolean'
     1>c:\Projects\boof\libs\of_v0.7.4_vs2010_release\libs\quicktime\include\AppleTalk.h(1144): error C2872: 'Boolean' : ambiguous symbol
                 could be 'c:\Projects\boof\libs\of_v0.7.4_vs2010_release\libs\quicktime\include\MacTypes.h(309) : unsigned char Boolean'
                 or       'c:\program files (x86)\reference assemblies\microsoft\framework\.netframework\v4.0\mscorlib.dll : System::Boolean'
     1>c:\Projects\boof\libs\of_v0.7.4_vs2010_release\libs\quicktime\include\AppleTalk.h(1148): error C2872: 'Boolean' : ambiguous symbol
                 could be 'c:\Projects\boof\libs\of_v0.7.4_vs2010_release\libs\quicktime\include\MacTypes.h(309) : unsigned char Boolean'
                 or       'c:\program files (x86)\reference assemblies\microsoft\framework\.netframework\v4.0\mscorlib.dll : System::Boolean'
     1>c:\Projects\boof\libs\of_v0.7.4_vs2010_release\libs\quicktime\include\AppleTalk.h(1152): error C2872: 'Boolean' : ambiguous symbol
                 could be 'c:\Projects\boof\libs\of_v0.7.4_vs2010_release\libs\quicktime\include\MacTypes.h(309) : unsigned char Boolean'
                 or       'c:\program files (x86)\reference assemblies\microsoft\framework\.netframework\v4.0\mscorlib.dll : System::Boolean'
     1>c:\Projects\boof\libs\of_v0.7.4_vs2010_release\libs\quicktime\include\AppleTalk.h(1156): error C2872: 'Boolean' : ambiguous symbol
                 could be 'c:\Projects\boof\libs\of_v0.7.4_vs2010_release\libs\quicktime\include\MacTypes.h(309) : unsigned char Boolean'
                 or       'c:\program files (x86)\reference assemblies\microsoft\framework\.netframework\v4.0\mscorlib.dll : System::Boolean'
     1>c:\Projects\boof\libs\of_v0.7.4_vs2010_release\libs\quicktime\include\AppleTalk.h(1160): error C2872: 'Boolean' : ambiguous symbol
                 could be 'c:\Projects\boof\libs\of_v0.7.4_vs2010_release\libs\quicktime\include\MacTypes.h(309) : unsigned char Boolean'
                 or       'c:\program files (x86)\reference assemblies\microsoft\framework\.netframework\v4.0\mscorlib.dll : System::Boolean'
     1>c:\Projects\boof\libs\of_v0.7.4_vs2010_release\libs\quicktime\include\AppleTalk.h(1164): error C2872: 'Boolean' : ambiguous symbol
                 could be 'c:\Projects\boof\libs\of_v0.7.4_vs2010_release\libs\quicktime\include\MacTypes.h(309) : unsigned char Boolean'
                 or       'c:\program files (x86)\reference assemblies\microsoft\framework\.netframework\v4.0\mscorlib.dll : System::Boolean'
     1>c:\Projects\boof\libs\of_v0.7.4_vs2010_release\libs\quicktime\include\AppleTalk.h(1169): error C2872: 'Boolean' : ambiguous symbol
                 could be 'c:\Projects\boof\libs\of_v0.7.4_vs2010_release\libs\quicktime\include\MacTypes.h(309) : unsigned char Boolean'
                 or       'c:\program files (x86)\reference assemblies\microsoft\framework\.netframework\v4.0\mscorlib.dll : System::Boolean'
     1>c:\Projects\boof\libs\of_v0.7.4_vs2010_release\libs\quicktime\include\AppleTalk.h(1173): error C2872: 'Boolean' : ambiguous symbol
                 could be 'c:\Projects\boof\libs\of_v0.7.4_vs2010_release\libs\quicktime\include\MacTypes.h(309) : unsigned char Boolean'
                 or       'c:\program files (x86)\reference assemblies\microsoft\framework\.netframework\v4.0\mscorlib.dll : System::Boolean'
     1>c:\Projects\boof\libs\of_v0.7.4_vs2010_release\libs\quicktime\include\AppleTalk.h(1177): error C2872: 'Boolean' : ambiguous symbol
                 could be 'c:\Projects\boof\libs\of_v0.7.4_vs2010_release\libs\quicktime\include\MacTypes.h(309) : unsigned char Boolean'
                 or       'c:\program files (x86)\reference assemblies\microsoft\framework\.netframework\v4.0\mscorlib.dll : System::Boolean'
     1>c:\Projects\boof\libs\of_v0.7.4_vs2010_release\libs\quicktime\include\AppleTalk.h(1181): error C2872: 'Boolean' : ambiguous symbol
                 could be 'c:\Projects\boof\libs\of_v0.7.4_vs2010_release\libs\quicktime\include\MacTypes.h(309) : unsigned char Boolean'
                 or       'c:\program files (x86)\reference assemblies\microsoft\framework\.netframework\v4.0\mscorlib.dll : System::Boolean'
     1>c:\Projects\boof\libs\of_v0.7.4_vs2010_release\libs\quicktime\include\AppleTalk.h(1185): error C2872: 'Boolean' : ambiguous symbol
                 could be 'c:\Projects\boof\libs\of_v0.7.4_vs2010_release\libs\quicktime\include\MacTypes.h(309) : unsigned char Boolean'
                 or       'c:\program files (x86)\reference assemblies\microsoft\framework\.netframework\v4.0\mscorlib.dll : System::Boolean'
     1>c:\Projects\boof\libs\of_v0.7.4_vs2010_release\libs\quicktime\include\AppleTalk.h(1189): error C2872: 'Boolean' : ambiguous symbol
                 could be 'c:\Projects\boof\libs\of_v0.7.4_vs2010_release\libs\quicktime\include\MacTypes.h(309) : unsigned char Boolean'
                 or       'c:\program files (x86)\reference assemblies\microsoft\framework\.netframework\v4.0\mscorlib.dll : System::Boolean'
     1>c:\Projects\boof\libs\of_v0.7.4_vs2010_release\libs\quicktime\include\AppleTalk.h(1193): error C2872: 'Boolean' : ambiguous symbol
                 could be 'c:\Projects\boof\libs\of_v0.7.4_vs2010_release\libs\quicktime\include\MacTypes.h(309) : unsigned char Boolean'
                 or       'c:\program files (x86)\reference assemblies\microsoft\framework\.netframework\v4.0\mscorlib.dll : System::Boolean'
     1>c:\Projects\boof\libs\of_v0.7.4_vs2010_release\libs\quicktime\include\AppleTalk.h(1197): error C2872: 'Boolean' : ambiguous symbol
                 could be 'c:\Projects\boof\libs\of_v0.7.4_vs2010_release\libs\quicktime\include\MacTypes.h(309) : unsigned char Boolean'
                 or       'c:\program files (x86)\reference assemblies\microsoft\framework\.netframework\v4.0\mscorlib.dll : System::Boolean'
     1>c:\Projects\boof\libs\of_v0.7.4_vs2010_release\libs\quicktime\include\AppleTalk.h(1201): error C2872: 'Boolean' : ambiguous symbol
                 could be 'c:\Projects\boof\libs\of_v0.7.4_vs2010_release\libs\quicktime\include\MacTypes.h(309) : unsigned char Boolean'
                 or       'c:\program files (x86)\reference assemblies\microsoft\framework\.netframework\v4.0\mscorlib.dll : System::Boolean'
     1>c:\Projects\boof\libs\of_v0.7.4_vs2010_release\libs\quicktime\include\AppleTalk.h(1205): error C2872: 'Boolean' : ambiguous symbol
                 could be 'c:\Projects\boof\libs\of_v0.7.4_vs2010_release\libs\quicktime\include\MacTypes.h(309) : unsigned char Boolean'
                 or       'c:\program files (x86)\reference assemblies\microsoft\framework\.netframework\v4.0\mscorlib.dll : System::Boolean'
     1>c:\Projects\boof\libs\of_v0.7.4_vs2010_release\libs\quicktime\include\AppleTalk.h(1209): error C2872: 'Boolean' : ambiguous symbol
                 could be 'c:\Projects\boof\libs\of_v0.7.4_vs2010_release\libs\quicktime\include\MacTypes.h(309) : unsigned char Boolean'
                 or       'c:\program files (x86)\reference assemblies\microsoft\framework\.netframework\v4.0\mscorlib.dll : System::Boolean'
     1>c:\Projects\boof\libs\of_v0.7.4_vs2010_release\libs\quicktime\include\AppleTalk.h(1213): error C2872: 'Boolean' : ambiguous symbol
     1>c:\Projects\boof\libs\of_v0.7.4_vs2010_release\libs\quicktime\include\AppleTalk.h(1213): fatal error C1003: error count exceeds 100; stopping compilation
         Generating Code...
     1>Done Building Project "C:\Projects\boof\boof.bridge\boof.bridge.vcxproj" (Rebuild target(s)) -- FAILED.

Build FAILED.

Time Elapsed 00:00:01.55
