Build started 3/10/2013 11:35:22 PM.
     1>Project "C:\Projects\boof\libs\of_v0.7.4_vs2010_release\apps\myApps\boof.brains\boof.brains.vcxproj" on node 2 (Rebuild target(s)).
     1>ClCompile:
         c:\Program Files (x86)\Microsoft Visual Studio 10.0\VC\bin\CL.exe /c /I..\..\..\libs\openFrameworks /I..\..\..\libs\openFrameworks\graphics /I..\..\..\libs\openFrameworks\app /I..\..\..\libs\openFrameworks\sound /I..\..\..\libs\openFrameworks\utils /I..\..\..\libs\openFrameworks\communication /I..\..\..\libs\openFrameworks\video /I..\..\..\libs\openFrameworks\types /I..\..\..\libs\openFrameworks\math /I..\..\..\libs\openFrameworks\3d /I..\..\..\libs\openFrameworks\gl /I..\..\..\libs\openFrameworks\events /I..\..\..\libs\glut\include /I..\..\..\libs\rtAudio\include /I..\..\..\libs\quicktime\include /I..\..\..\libs\freetype\include /I..\..\..\libs\freetype\include\freetype2 /I..\..\..\libs\freeImage\include /I..\..\..\libs\fmodex\include /I..\..\..\libs\videoInput\include /I..\..\..\libs\glew\include\ /I..\..\..\libs\glu\include /I..\..\..\libs\tess2\include /I..\..\..\libs\cairo\include\cairo /I..\..\..\libs\poco\include /I..\..\..\addons /I..\..\..\addons\ofxOpenCv\libs /I..\..\..\addons\ofxOpenCv\src /I..\..\..\addons\ofxOpenCv\libs\opencv /I..\..\..\addons\ofxOpenCv\libs\opencv\include /I..\..\..\addons\ofxOpenCv\libs\opencv\include\opencv /I..\..\..\addons\ofxOpenCv\libs\opencv\include\opencv2 /I..\..\..\addons\ofxOpenCv\libs\opencv\include\opencv2\calib3d /I..\..\..\addons\ofxOpenCv\libs\opencv\include\opencv2\contrib /I..\..\..\addons\ofxOpenCv\libs\opencv\include\opencv2\core /I..\..\..\addons\ofxOpenCv\libs\opencv\include\opencv2\features2d /I..\..\..\addons\ofxOpenCv\libs\opencv\include\opencv2\flann /I..\..\..\addons\ofxOpenCv\libs\opencv\include\opencv2\gpu /I..\..\..\addons\ofxOpenCv\libs\opencv\include\opencv2\highgui /I..\..\..\addons\ofxOpenCv\libs\opencv\include\opencv2\imgproc /I..\..\..\addons\ofxOpenCv\libs\opencv\include\opencv2\legacy /I..\..\..\addons\ofxOpenCv\libs\opencv\include\opencv2\ml /I..\..\..\addons\ofxOpenCv\libs\opencv\include\opencv2\objdetect /I..\..\..\addons\ofxOpenCv\libs\opencv\include\opencv2\ts /I..\..\..\addons\ofxOpenCv\libs\opencv\include\opencv2\video /I..\..\..\addons\ofxOpenCv\libs\opencv\lib /I..\..\..\addons\ofxOpenCv\libs\opencv\lib\vs2010 /I..\..\..\addons\ofxKinect\libs /I..\..\..\addons\ofxKinect\src /I..\..\..\addons\ofxKinect\libs\libfreenect /I..\..\..\addons\ofxKinect\libs\libfreenect\lib /I..\..\..\addons\ofxKinect\libs\libfreenect\lib\vs2010 /I..\..\..\addons\ofxKinect\libs\libusb /I"..\..\..\addons\ofxKinect\libs\libusb\osx\include\libusb-1.0" /I..\..\..\addons\ofxKinect\libs\libusb\win /I..\..\..\addons\ofxKinect\libs\libusb\win\inf /I"..\..\..\addons\ofxKinect\libs\libusb\win\inf\xbox nui audio" /I"..\..\..\addons\ofxKinect\libs\libusb\win\inf\xbox nui audio\amd64" /I"..\..\..\addons\ofxKinect\libs\libusb\win\inf\xbox nui audio\ia64" /I"..\..\..\addons\ofxKinect\libs\libusb\win\inf\xbox nui audio\license" /I"..\..\..\addons\ofxKinect\libs\libusb\win\inf\xbox nui audio\license\libusb-win32" /I"..\..\..\addons\ofxKinect\libs\libusb\win\inf\xbox nui audio\x86" /I"..\..\..\addons\ofxKinect\libs\libusb\win\inf\xbox nui camera" /I"..\..\..\addons\ofxKinect\libs\libusb\win\inf\xbox nui camera\amd64" /I"..\..\..\addons\ofxKinect\libs\libusb\win\inf\xbox nui camera\ia64" /I"..\..\..\addons\ofxKinect\libs\libusb\win\inf\xbox nui camera\license" /I"..\..\..\addons\ofxKinect\libs\libusb\win\inf\xbox nui camera\license\libusb-win32" /I"..\..\..\addons\ofxKinect\libs\libusb\win\inf\xbox nui camera\x86" /I"..\..\..\addons\ofxKinect\libs\libusb\win\inf\xbox nui motor" /I"..\..\..\addons\ofxKinect\libs\libusb\win\inf\xbox nui motor\amd64" /I"..\..\..\addons\ofxKinect\libs\libusb\win\inf\xbox nui motor\ia64" /I"..\..\..\addons\ofxKinect\libs\libusb\win\inf\xbox nui motor\license" /I"..\..\..\addons\ofxKinect\libs\libusb\win\inf\xbox nui motor\license\libusb-win32" /I"..\..\..\addons\ofxKinect\libs\libusb\win\inf\xbox nui motor\x86" /ZI /nologo /W3 /WX- /Od /Oy- /D WIN32 /D _DEBUG /D _CONSOLE /D POCO_STATIC /D CAIRO_WIN32_STATIC_BUILD /D DISABLE_SOME_FLOATING_POINT /D _UNICODE /D UNICODE /Gm /EHsc /RTC1 /MDd /GS /fp:precise /Zc:wchar_t /Zc:forScope /Fo"obj\Debug\\" /Fd"obj\Debug\vc100.pdb" /Gd /TP /analyze- /errorReport:prompt src\main.cpp src\boof.brains.cpp ..\..\..\addons\ofxOpenCv\src\ofxCvColorImage.cpp ..\..\..\addons\ofxOpenCv\src\ofxCvContourFinder.cpp ..\..\..\addons\ofxOpenCv\src\ofxCvFloatImage.cpp ..\..\..\addons\ofxOpenCv\src\ofxCvGrayscaleImage.cpp ..\..\..\addons\ofxOpenCv\src\ofxCvHaarFinder.cpp ..\..\..\addons\ofxOpenCv\src\ofxCvImage.cpp ..\..\..\addons\ofxOpenCv\src\ofxCvShortImage.cpp ..\..\..\addons\ofxKinect\src\ofxKinect.cpp
         ofxKinect.cpp
         ofxCvShortImage.cpp
     1>c:\projects\boof\libs\of_v0.7.4_vs2010_release\addons\ofxopencv\libs\opencv\include\opencv2\flann\flann.hpp(233): warning C4996: 'cv::flann::Index_<T>': was declared deprecated
                 c:\projects\boof\libs\of_v0.7.4_vs2010_release\addons\ofxopencv\libs\opencv\include\opencv2\flann\flann.hpp(278) : see reference to class template instantiation 'cv::flann::Index_<T>' being compiled
         ofxCvImage.cpp
     1>c:\projects\boof\libs\of_v0.7.4_vs2010_release\addons\ofxopencv\libs\opencv\include\opencv2\flann\flann.hpp(233): warning C4996: 'cv::flann::Index_<T>': was declared deprecated
                 c:\projects\boof\libs\of_v0.7.4_vs2010_release\addons\ofxopencv\libs\opencv\include\opencv2\flann\flann.hpp(278) : see reference to class template instantiation 'cv::flann::Index_<T>' being compiled
         ofxCvHaarFinder.cpp
         ofxCvGrayscaleImage.cpp
     1>c:\projects\boof\libs\of_v0.7.4_vs2010_release\addons\ofxopencv\libs\opencv\include\opencv2\flann\flann.hpp(233): warning C4996: 'cv::flann::Index_<T>': was declared deprecated
                 c:\projects\boof\libs\of_v0.7.4_vs2010_release\addons\ofxopencv\libs\opencv\include\opencv2\flann\flann.hpp(278) : see reference to class template instantiation 'cv::flann::Index_<T>' being compiled
         ofxCvFloatImage.cpp
     1>c:\projects\boof\libs\of_v0.7.4_vs2010_release\addons\ofxopencv\libs\opencv\include\opencv2\flann\flann.hpp(233): warning C4996: 'cv::flann::Index_<T>': was declared deprecated
                 c:\projects\boof\libs\of_v0.7.4_vs2010_release\addons\ofxopencv\libs\opencv\include\opencv2\flann\flann.hpp(278) : see reference to class template instantiation 'cv::flann::Index_<T>' being compiled
         ofxCvContourFinder.cpp
     1>c:\projects\boof\libs\of_v0.7.4_vs2010_release\addons\ofxopencv\libs\opencv\include\opencv2\flann\flann.hpp(233): warning C4996: 'cv::flann::Index_<T>': was declared deprecated
                 c:\projects\boof\libs\of_v0.7.4_vs2010_release\addons\ofxopencv\libs\opencv\include\opencv2\flann\flann.hpp(278) : see reference to class template instantiation 'cv::flann::Index_<T>' being compiled
         ofxCvColorImage.cpp
     1>c:\projects\boof\libs\of_v0.7.4_vs2010_release\addons\ofxopencv\libs\opencv\include\opencv2\flann\flann.hpp(233): warning C4996: 'cv::flann::Index_<T>': was declared deprecated
                 c:\projects\boof\libs\of_v0.7.4_vs2010_release\addons\ofxopencv\libs\opencv\include\opencv2\flann\flann.hpp(278) : see reference to class template instantiation 'cv::flann::Index_<T>' being compiled
         boof.brains.cpp
         main.cpp
         Generating Code...
       Lib:
         c:\Program Files (x86)\Microsoft Visual Studio 10.0\VC\bin\Lib.exe /OUT:"bin\boof.brains_debug.lib" opencv_calib3d231d.lib opencv_contrib231d.lib opencv_core231d.lib opencv_features2d231d.lib opencv_flann231d.lib opencv_gpu231d.lib opencv_haartraining_engined.lib opencv_highgui231d.lib opencv_imgproc231d.lib opencv_legacy231d.lib opencv_ml231d.lib opencv_objdetect231d.lib opencv_video231d.lib zlibd.lib freenect.lib /LIBPATH:src /LIBPATH:..\..\..\addons\ofxOpenCv\libs /LIBPATH:..\..\..\addons\ofxOpenCv\src /LIBPATH:..\..\..\addons\ofxOpenCv\libs\opencv /LIBPATH:..\..\..\addons\ofxOpenCv\libs\opencv\include /LIBPATH:..\..\..\addons\ofxOpenCv\libs\opencv\include\opencv /LIBPATH:..\..\..\addons\ofxOpenCv\libs\opencv\include\opencv2 /LIBPATH:..\..\..\addons\ofxOpenCv\libs\opencv\include\opencv2\calib3d /LIBPATH:..\..\..\addons\ofxOpenCv\libs\opencv\include\opencv2\contrib /LIBPATH:..\..\..\addons\ofxOpenCv\libs\opencv\include\opencv2\core /LIBPATH:..\..\..\addons\ofxOpenCv\libs\opencv\include\opencv2\features2d /LIBPATH:..\..\..\addons\ofxOpenCv\libs\opencv\include\opencv2\flann /LIBPATH:..\..\..\addons\ofxOpenCv\libs\opencv\include\opencv2\gpu /LIBPATH:..\..\..\addons\ofxOpenCv\libs\opencv\include\opencv2\highgui /LIBPATH:..\..\..\addons\ofxOpenCv\libs\opencv\include\opencv2\imgproc /LIBPATH:..\..\..\addons\ofxOpenCv\libs\opencv\include\opencv2\legacy /LIBPATH:..\..\..\addons\ofxOpenCv\libs\opencv\include\opencv2\ml /LIBPATH:..\..\..\addons\ofxOpenCv\libs\opencv\include\opencv2\objdetect /LIBPATH:..\..\..\addons\ofxOpenCv\libs\opencv\include\opencv2\ts /LIBPATH:..\..\..\addons\ofxOpenCv\libs\opencv\include\opencv2\video /LIBPATH:..\..\..\addons\ofxOpenCv\libs\opencv\lib /LIBPATH:..\..\..\addons\ofxOpenCv\libs\opencv\lib\vs2010 /LIBPATH:..\..\..\addons\ofxKinect\libs /LIBPATH:..\..\..\addons\ofxKinect\src /LIBPATH:..\..\..\addons\ofxKinect\libs\libfreenect /LIBPATH:..\..\..\addons\ofxKinect\libs\libfreenect\lib /LIBPATH:..\..\..\addons\ofxKinect\libs\libfreenect\lib\vs2010 /LIBPATH:..\..\..\addons\ofxKinect\libs\libusb /LIBPATH:"..\..\..\addons\ofxKinect\libs\libusb\osx\include\libusb-1.0" /LIBPATH:..\..\..\addons\ofxKinect\libs\libusb\win /LIBPATH:..\..\..\addons\ofxKinect\libs\libusb\win\inf /LIBPATH:"..\..\..\addons\ofxKinect\libs\libusb\win\inf\xbox nui audio" /LIBPATH:"..\..\..\addons\ofxKinect\libs\libusb\win\inf\xbox nui audio\amd64" /LIBPATH:"..\..\..\addons\ofxKinect\libs\libusb\win\inf\xbox nui audio\ia64" /LIBPATH:"..\..\..\addons\ofxKinect\libs\libusb\win\inf\xbox nui audio\license" /LIBPATH:"..\..\..\addons\ofxKinect\libs\libusb\win\inf\xbox nui audio\license\libusb-win32" /LIBPATH:"..\..\..\addons\ofxKinect\libs\libusb\win\inf\xbox nui audio\x86" /LIBPATH:"..\..\..\addons\ofxKinect\libs\libusb\win\inf\xbox nui camera" /LIBPATH:"..\..\..\addons\ofxKinect\libs\libusb\win\inf\xbox nui camera\amd64" /LIBPATH:"..\..\..\addons\ofxKinect\libs\libusb\win\inf\xbox nui camera\ia64" /LIBPATH:"..\..\..\addons\ofxKinect\libs\libusb\win\inf\xbox nui camera\license" /LIBPATH:"..\..\..\addons\ofxKinect\libs\libusb\win\inf\xbox nui camera\license\libusb-win32" /LIBPATH:"..\..\..\addons\ofxKinect\libs\libusb\win\inf\xbox nui camera\x86" /LIBPATH:"..\..\..\addons\ofxKinect\libs\libusb\win\inf\xbox nui motor" /LIBPATH:"..\..\..\addons\ofxKinect\libs\libusb\win\inf\xbox nui motor\amd64" /LIBPATH:"..\..\..\addons\ofxKinect\libs\libusb\win\inf\xbox nui motor\ia64" /LIBPATH:"..\..\..\addons\ofxKinect\libs\libusb\win\inf\xbox nui motor\license" /LIBPATH:"..\..\..\addons\ofxKinect\libs\libusb\win\inf\xbox nui motor\license\libusb-win32" /LIBPATH:"..\..\..\addons\ofxKinect\libs\libusb\win\inf\xbox nui motor\x86" /LIBPATH:..\..\..\addons\ofxOpenCv\libs\opencv\lib\vs2010 /LIBPATH:..\..\..\addons\ofxKinect\libs\libfreenect\lib\vs2010 /NOLOGO obj\Debug\main.obj
         obj\Debug\boof.brains.obj
         obj\Debug\ofxCvColorImage.obj
         obj\Debug\ofxCvContourFinder.obj
         obj\Debug\ofxCvFloatImage.obj
         obj\Debug\ofxCvGrayscaleImage.obj
         obj\Debug\ofxCvHaarFinder.obj
         obj\Debug\ofxCvImage.obj
         obj\Debug\ofxCvShortImage.obj
         obj\Debug\ofxKinect.obj
     1>opencv_calib3d231d.lib(precomp.obj) : warning LNK4221: This object file does not define any previously undefined public symbols, so it will not be used by any link operation that consumes this library
     1>opencv_contrib231d.lib(precomp.obj) : warning LNK4221: This object file does not define any previously undefined public symbols, so it will not be used by any link operation that consumes this library
     1>opencv_core231d.lib(precomp.obj) : warning LNK4221: This object file does not define any previously undefined public symbols, so it will not be used by any link operation that consumes this library
     1>opencv_features2d231d.lib(precomp.obj) : warning LNK4221: This object file does not define any previously undefined public symbols, so it will not be used by any link operation that consumes this library
     1>opencv_flann231d.lib(precomp.obj) : warning LNK4221: This object file does not define any previously undefined public symbols, so it will not be used by any link operation that consumes this library
     1>opencv_gpu231d.lib(error.obj) : warning LNK4221: This object file does not define any previously undefined public symbols, so it will not be used by any link operation that consumes this library
     1>opencv_gpu231d.lib(precomp.obj) : warning LNK4221: This object file does not define any previously undefined public symbols, so it will not be used by any link operation that consumes this library
     1>opencv_highgui231d.lib(precomp.obj) : warning LNK4221: This object file does not define any previously undefined public symbols, so it will not be used by any link operation that consumes this library
     1>opencv_highgui231d.lib(cap_cmu.obj) : warning LNK4221: This object file does not define any previously undefined public symbols, so it will not be used by any link operation that consumes this library
     1>opencv_highgui231d.lib(cap_dshow.obj) : warning LNK4221: This object file does not define any previously undefined public symbols, so it will not be used by any link operation that consumes this library
     1>opencv_highgui231d.lib(grfmt_exr.obj) : warning LNK4221: This object file does not define any previously undefined public symbols, so it will not be used by any link operation that consumes this library
     1>opencv_highgui231d.lib(grfmt_imageio.obj) : warning LNK4221: This object file does not define any previously undefined public symbols, so it will not be used by any link operation that consumes this library
     1>opencv_highgui231d.lib(grfmt_jpeg.obj) : warning LNK4221: This object file does not define any previously undefined public symbols, so it will not be used by any link operation that consumes this library
     1>opencv_highgui231d.lib(grfmt_jpeg2000.obj) : warning LNK4221: This object file does not define any previously undefined public symbols, so it will not be used by any link operation that consumes this library
     1>opencv_highgui231d.lib(grfmt_png.obj) : warning LNK4221: This object file does not define any previously undefined public symbols, so it will not be used by any link operation that consumes this library
     1>opencv_imgproc231d.lib(precomp.obj) : warning LNK4221: This object file does not define any previously undefined public symbols, so it will not be used by any link operation that consumes this library
     1>opencv_legacy231d.lib(auxutils.obj) : warning LNK4221: This object file does not define any previously undefined public symbols, so it will not be used by any link operation that consumes this library
     1>opencv_legacy231d.lib(clique.obj) : warning LNK4221: This object file does not define any previously undefined public symbols, so it will not be used by any link operation that consumes this library
     1>opencv_legacy231d.lib(decomppoly.obj) : warning LNK4221: This object file does not define any previously undefined public symbols, so it will not be used by any link operation that consumes this library
     1>opencv_legacy231d.lib(enmin.obj) : warning LNK4221: This object file does not define any previously undefined public symbols, so it will not be used by any link operation that consumes this library
     1>opencv_legacy231d.lib(hmm1d.obj) : warning LNK4221: This object file does not define any previously undefined public symbols, so it will not be used by any link operation that consumes this library
     1>opencv_legacy231d.lib(precomp.obj) : warning LNK4221: This object file does not define any previously undefined public symbols, so it will not be used by any link operation that consumes this library
     1>opencv_ml231d.lib(cnn.obj) : warning LNK4221: This object file does not define any previously undefined public symbols, so it will not be used by any link operation that consumes this library
     1>opencv_ml231d.lib(estimate.obj) : warning LNK4221: This object file does not define any previously undefined public symbols, so it will not be used by any link operation that consumes this library
     1>opencv_ml231d.lib(precomp.obj) : warning LNK4221: This object file does not define any previously undefined public symbols, so it will not be used by any link operation that consumes this library
     1>opencv_objdetect231d.lib(lsvmtbbversion.obj) : warning LNK4221: This object file does not define any previously undefined public symbols, so it will not be used by any link operation that consumes this library
     1>opencv_objdetect231d.lib(precomp.obj) : warning LNK4221: This object file does not define any previously undefined public symbols, so it will not be used by any link operation that consumes this library
     1>opencv_video231d.lib(precomp.obj) : warning LNK4221: This object file does not define any previously undefined public symbols, so it will not be used by any link operation that consumes this library
         boof.brains.vcxproj -> C:\Projects\boof\libs\of_v0.7.4_vs2010_release\apps\myApps\boof.brains\bin\boof.brains_debug.lib
       PostBuildEvent:
         xcopy /e /i /y "C:\Projects\boof\libs\of_v0.7.4_vs2010_release\apps\myApps\boof.brains\..\..\..\export\vs2010\*.dll" "C:\Projects\boof\libs\of_v0.7.4_vs2010_release\apps\myApps\boof.brains\bin"
         :VCEnd
         C:\Projects\boof\libs\of_v0.7.4_vs2010_release\apps\myApps\boof.brains\..\..\..\export\vs2010\Assimp32.dll
         C:\Projects\boof\libs\of_v0.7.4_vs2010_release\apps\myApps\boof.brains\..\..\..\export\vs2010\fmodex.dll
         C:\Projects\boof\libs\of_v0.7.4_vs2010_release\apps\myApps\boof.brains\..\..\..\export\vs2010\fmodexL.dll
         C:\Projects\boof\libs\of_v0.7.4_vs2010_release\apps\myApps\boof.brains\..\..\..\export\vs2010\FreeImage.dll
         C:\Projects\boof\libs\of_v0.7.4_vs2010_release\apps\myApps\boof.brains\..\..\..\export\vs2010\FreeType-6.dll
         C:\Projects\boof\libs\of_v0.7.4_vs2010_release\apps\myApps\boof.brains\..\..\..\export\vs2010\glut32.dll
         C:\Projects\boof\libs\of_v0.7.4_vs2010_release\apps\myApps\boof.brains\..\..\..\export\vs2010\Zlib.dll
         7 File(s) copied
     1>Done Building Project "C:\Projects\boof\libs\of_v0.7.4_vs2010_release\apps\myApps\boof.brains\boof.brains.vcxproj" (Rebuild target(s)).

Build succeeded.

Time Elapsed 00:00:26.84
